{"level":"INFO","message":"[11:24:29.921 PM]: Creating new connection object"}
{"level":"INFO","message":"[11:51:19.195 PM]: Creating new connection object"}
{"level":"INFO","message":"[12:05:27.140 AM]: Creating new connection object"}
{"level":"INFO","message":"[12:05:27.172 AM]: Creating Connection[id: 0bcf32d1-2124-4a56-b3b4-888c24066666] with host: BBVEWTS-HV75717.snowflakecomputing.com, account: BBVEWTS-HV75717, accessUrl: https://BBVEWTS-HV75717.snowflakecomputing.com, user: diyarkudrat, role: ACCOUNTADMIN, database: SNOWFLAKE_LEARNING_DB, schema: DIYARKUDRAT_LOAD_DATA_FROM_AMAZON_AWS, warehouse: SNOWFLAKE_LEARNING_WH, proxy was not configured, password is provided, region: undefined, authenticator: SNOWFLAKE, ocsp mode: FAIL_OPEN, os: darwin, os version: 24.4.0"}
{"level":"INFO","message":"[12:05:27.172 AM]: Connection[id: 0bcf32d1-2124-4a56-b3b4-888c24066666] additional details: passcode in password is provided, passcode is not provided, private key is not provided, application: undefined, client name: snowflake-sdk, client version: 2.3.1, retry timeout: 300, private key path: undefined, private key pass is not provided, client store temporary credential: false, browser response timeout: 120000"}
{"level":"INFO","message":"[12:05:27.176 AM]: Connection[id: 0bcf32d1-2124-4a56-b3b4-888c24066666] - connection object created successfully."}
{"level":"INFO","message":"[12:05:27.177 AM]: Connection[id: 0bcf32d1-2124-4a56-b3b4-888c24066666] - connecting. Associated Snowflake domain: GLOBAL"}
{"level":"INFO","message":"[12:05:27.178 AM]: Connection[id: 0bcf32d1-2124-4a56-b3b4-888c24066666] - authentication successful using: SNOWFLAKE"}
{"level":"INFO","message":"[12:05:27.178 AM]: Trying to initialize Easy Logging"}
{"level":"INFO","message":"[12:05:27.182 AM]: No client config detected."}
{"level":"INFO","message":"[12:05:27.183 AM]: No config file path found. Client config will not be used."}
{"level":"INFO","message":"[12:05:27.184 AM]: Easy Logging is disabled as no config has been found"}
{"level":"INFO","message":"[12:05:27.188 AM]: Connection[id: 0bcf32d1-2124-4a56-b3b4-888c24066666] - connected successfully after 11.23 milliseconds"}
{"level":"INFO","message":"[12:10:05.985 AM]: Creating new connection object"}
{"level":"INFO","message":"[12:10:06.009 AM]: Creating Connection[id: e4a485dc-06fe-4ae8-a10c-69c567dc14ac] with host: BBVEWTS-HV75717.snowflakecomputing.com, account: BBVEWTS-HV75717, accessUrl: https://BBVEWTS-HV75717.snowflakecomputing.com, user: diyarkudrat, role: ACCOUNTADMIN, database: SNOWFLAKE_LEARNING_DB, schema: DIYARKUDRAT_LOAD_DATA_FROM_AMAZON_AWS, warehouse: SNOWFLAKE_LEARNING_WH, proxy was not configured, password is provided, region: undefined, authenticator: SNOWFLAKE, ocsp mode: FAIL_OPEN, os: darwin, os version: 24.4.0"}
{"level":"INFO","message":"[12:10:06.010 AM]: Connection[id: e4a485dc-06fe-4ae8-a10c-69c567dc14ac] additional details: passcode in password is provided, passcode is not provided, private key is not provided, application: undefined, client name: snowflake-sdk, client version: 2.3.1, retry timeout: 300, private key path: undefined, private key pass is not provided, client store temporary credential: false, browser response timeout: 120000"}
{"level":"INFO","message":"[12:10:06.010 AM]: Connection[id: e4a485dc-06fe-4ae8-a10c-69c567dc14ac] - connection object created successfully."}
{"level":"INFO","message":"[12:10:06.011 AM]: Connection[id: e4a485dc-06fe-4ae8-a10c-69c567dc14ac] - connecting. Associated Snowflake domain: GLOBAL"}
{"level":"INFO","message":"[12:10:06.011 AM]: Connection[id: e4a485dc-06fe-4ae8-a10c-69c567dc14ac] - authentication successful using: SNOWFLAKE"}
{"level":"INFO","message":"[12:10:06.013 AM]: Trying to initialize Easy Logging"}
{"level":"INFO","message":"[12:10:06.015 AM]: No client config detected."}
{"level":"INFO","message":"[12:10:06.015 AM]: No config file path found. Client config will not be used."}
{"level":"INFO","message":"[12:10:06.016 AM]: Easy Logging is disabled as no config has been found"}
{"level":"INFO","message":"[12:10:06.020 AM]: Connection[id: e4a485dc-06fe-4ae8-a10c-69c567dc14ac] - connected successfully after 9.39 milliseconds"}
{"level":"INFO","message":"[12:10:06.970 AM]: Creating new connection object"}
{"level":"INFO","message":"[12:10:06.971 AM]: Creating Connection[id: a0db6b9d-6d66-4b2a-a7a3-9871f04d77c1] with host: BBVEWTS-HV75717.snowflakecomputing.com, account: BBVEWTS-HV75717, accessUrl: https://BBVEWTS-HV75717.snowflakecomputing.com, user: diyarkudrat, role: ACCOUNTADMIN, database: SNOWFLAKE_LEARNING_DB, schema: DIYARKUDRAT_LOAD_DATA_FROM_AMAZON_AWS, warehouse: SNOWFLAKE_LEARNING_WH, proxy was not configured, password is provided, region: undefined, authenticator: SNOWFLAKE, ocsp mode: FAIL_OPEN, os: darwin, os version: 24.4.0"}
{"level":"INFO","message":"[12:10:06.971 AM]: Connection[id: a0db6b9d-6d66-4b2a-a7a3-9871f04d77c1] additional details: passcode in password is provided, passcode is not provided, private key is not provided, application: undefined, client name: snowflake-sdk, client version: 2.3.1, retry timeout: 300, private key path: undefined, private key pass is not provided, client store temporary credential: false, browser response timeout: 120000"}
{"level":"INFO","message":"[12:10:06.971 AM]: Connection[id: a0db6b9d-6d66-4b2a-a7a3-9871f04d77c1] - connection object created successfully."}
{"level":"INFO","message":"[12:10:06.971 AM]: Connection[id: a0db6b9d-6d66-4b2a-a7a3-9871f04d77c1] - connecting. Associated Snowflake domain: GLOBAL"}
{"level":"INFO","message":"[12:10:06.971 AM]: Connection[id: a0db6b9d-6d66-4b2a-a7a3-9871f04d77c1] - authentication successful using: SNOWFLAKE"}
{"level":"INFO","message":"[12:10:06.972 AM]: Connection[id: a0db6b9d-6d66-4b2a-a7a3-9871f04d77c1] - connected successfully after 0.67 milliseconds"}
{"level":"INFO","message":"[12:10:08.391 AM]: Creating new connection object"}
{"level":"INFO","message":"[12:10:08.392 AM]: Creating Connection[id: 40ed7209-2d30-40f0-9530-7348a77b0590] with host: BBVEWTS-HV75717.snowflakecomputing.com, account: BBVEWTS-HV75717, accessUrl: https://BBVEWTS-HV75717.snowflakecomputing.com, user: diyarkudrat, role: ACCOUNTADMIN, database: SNOWFLAKE_LEARNING_DB, schema: DIYARKUDRAT_LOAD_DATA_FROM_AMAZON_AWS, warehouse: SNOWFLAKE_LEARNING_WH, proxy was not configured, password is provided, region: undefined, authenticator: SNOWFLAKE, ocsp mode: FAIL_OPEN, os: darwin, os version: 24.4.0"}
{"level":"INFO","message":"[12:10:08.393 AM]: Connection[id: 40ed7209-2d30-40f0-9530-7348a77b0590] additional details: passcode in password is provided, passcode is not provided, private key is not provided, application: undefined, client name: snowflake-sdk, client version: 2.3.1, retry timeout: 300, private key path: undefined, private key pass is not provided, client store temporary credential: false, browser response timeout: 120000"}
{"level":"INFO","message":"[12:10:08.393 AM]: Connection[id: 40ed7209-2d30-40f0-9530-7348a77b0590] - connection object created successfully."}
{"level":"INFO","message":"[12:10:08.393 AM]: Connection[id: 40ed7209-2d30-40f0-9530-7348a77b0590] - connecting. Associated Snowflake domain: GLOBAL"}
{"level":"INFO","message":"[12:10:08.394 AM]: Connection[id: 40ed7209-2d30-40f0-9530-7348a77b0590] - authentication successful using: SNOWFLAKE"}
{"level":"INFO","message":"[12:10:08.394 AM]: Connection[id: 40ed7209-2d30-40f0-9530-7348a77b0590] - connected successfully after 1.22 milliseconds"}
{"level":"INFO","message":"[12:13:20.593 AM]: Creating new connection object"}
{"level":"INFO","message":"[12:13:20.615 AM]: Creating Connection[id: 1933524b-1aaa-4684-83db-6be3190c4789] with host: BBVEWTS-HV75717.snowflakecomputing.com, account: BBVEWTS-HV75717, accessUrl: https://BBVEWTS-HV75717.snowflakecomputing.com, user: diyarkudrat, role: ACCOUNTADMIN, database: SNOWFLAKE_LEARNING_DB, schema: DIYARKUDRAT_LOAD_DATA_FROM_AMAZON_AWS, warehouse: SNOWFLAKE_LEARNING_WH, proxy was not configured, password is provided, region: undefined, authenticator: SNOWFLAKE, ocsp mode: FAIL_OPEN, os: darwin, os version: 24.4.0"}
{"level":"INFO","message":"[12:13:20.616 AM]: Connection[id: 1933524b-1aaa-4684-83db-6be3190c4789] additional details: passcode in password is provided, passcode is not provided, private key is not provided, application: undefined, client name: snowflake-sdk, client version: 2.3.1, retry timeout: 300, private key path: undefined, private key pass is not provided, client store temporary credential: false, browser response timeout: 120000"}
{"level":"INFO","message":"[12:13:20.616 AM]: Connection[id: 1933524b-1aaa-4684-83db-6be3190c4789] - connection object created successfully."}
{"level":"INFO","message":"[12:13:20.617 AM]: Connection[id: 1933524b-1aaa-4684-83db-6be3190c4789] - connecting. Associated Snowflake domain: GLOBAL"}
{"level":"INFO","message":"[12:13:20.618 AM]: Connection[id: 1933524b-1aaa-4684-83db-6be3190c4789] - authentication successful using: SNOWFLAKE"}
{"level":"INFO","message":"[12:13:20.618 AM]: Trying to initialize Easy Logging"}
{"level":"INFO","message":"[12:13:20.620 AM]: No client config detected."}
{"level":"INFO","message":"[12:13:20.620 AM]: No config file path found. Client config will not be used."}
{"level":"INFO","message":"[12:13:20.621 AM]: Easy Logging is disabled as no config has been found"}
{"level":"INFO","message":"[12:13:20.625 AM]: Connection[id: 1933524b-1aaa-4684-83db-6be3190c4789] - connected successfully after 8.31 milliseconds"}
{"level":"INFO","message":"[12:13:21.492 AM]: Creating new connection object"}
{"level":"INFO","message":"[12:13:21.493 AM]: Creating Connection[id: a9bed53e-8276-47c5-b6b9-2d7497dd00f7] with host: BBVEWTS-HV75717.snowflakecomputing.com, account: BBVEWTS-HV75717, accessUrl: https://BBVEWTS-HV75717.snowflakecomputing.com, user: diyarkudrat, role: ACCOUNTADMIN, database: SNOWFLAKE_LEARNING_DB, schema: DIYARKUDRAT_LOAD_DATA_FROM_AMAZON_AWS, warehouse: SNOWFLAKE_LEARNING_WH, proxy was not configured, password is provided, region: undefined, authenticator: SNOWFLAKE, ocsp mode: FAIL_OPEN, os: darwin, os version: 24.4.0"}
{"level":"INFO","message":"[12:13:21.494 AM]: Connection[id: a9bed53e-8276-47c5-b6b9-2d7497dd00f7] additional details: passcode in password is provided, passcode is not provided, private key is not provided, application: undefined, client name: snowflake-sdk, client version: 2.3.1, retry timeout: 300, private key path: undefined, private key pass is not provided, client store temporary credential: false, browser response timeout: 120000"}
{"level":"INFO","message":"[12:13:21.494 AM]: Connection[id: a9bed53e-8276-47c5-b6b9-2d7497dd00f7] - connection object created successfully."}
{"level":"INFO","message":"[12:13:21.494 AM]: Connection[id: a9bed53e-8276-47c5-b6b9-2d7497dd00f7] - connecting. Associated Snowflake domain: GLOBAL"}
{"level":"INFO","message":"[12:13:21.494 AM]: Connection[id: a9bed53e-8276-47c5-b6b9-2d7497dd00f7] - authentication successful using: SNOWFLAKE"}
{"level":"INFO","message":"[12:13:21.495 AM]: Connection[id: a9bed53e-8276-47c5-b6b9-2d7497dd00f7] - connected successfully after 0.84 milliseconds"}
{"level":"INFO","message":"[12:13:22.145 AM]: Creating new connection object"}
{"level":"INFO","message":"[12:13:22.146 AM]: Creating Connection[id: a4381268-2f96-414b-8d5e-3576579781be] with host: BBVEWTS-HV75717.snowflakecomputing.com, account: BBVEWTS-HV75717, accessUrl: https://BBVEWTS-HV75717.snowflakecomputing.com, user: diyarkudrat, role: ACCOUNTADMIN, database: SNOWFLAKE_LEARNING_DB, schema: DIYARKUDRAT_LOAD_DATA_FROM_AMAZON_AWS, warehouse: SNOWFLAKE_LEARNING_WH, proxy was not configured, password is provided, region: undefined, authenticator: SNOWFLAKE, ocsp mode: FAIL_OPEN, os: darwin, os version: 24.4.0"}
{"level":"INFO","message":"[12:13:22.146 AM]: Connection[id: a4381268-2f96-414b-8d5e-3576579781be] additional details: passcode in password is provided, passcode is not provided, private key is not provided, application: undefined, client name: snowflake-sdk, client version: 2.3.1, retry timeout: 300, private key path: undefined, private key pass is not provided, client store temporary credential: false, browser response timeout: 120000"}
{"level":"INFO","message":"[12:13:22.146 AM]: Connection[id: a4381268-2f96-414b-8d5e-3576579781be] - connection object created successfully."}
{"level":"INFO","message":"[12:13:22.147 AM]: Connection[id: a4381268-2f96-414b-8d5e-3576579781be] - connecting. Associated Snowflake domain: GLOBAL"}
{"level":"INFO","message":"[12:13:22.147 AM]: Connection[id: a4381268-2f96-414b-8d5e-3576579781be] - authentication successful using: SNOWFLAKE"}
{"level":"INFO","message":"[12:13:22.148 AM]: Connection[id: a4381268-2f96-414b-8d5e-3576579781be] - connected successfully after 1.06 milliseconds"}
{"level":"INFO","message":"[12:15:59.115 AM]: Creating new connection object"}
{"level":"INFO","message":"[12:15:59.140 AM]: Creating Connection[id: 6f5aabd6-cdba-486a-b279-adf9b6b02439] with host: BBVEWTS-HV75717.snowflakecomputing.com, account: BBVEWTS-HV75717, accessUrl: https://BBVEWTS-HV75717.snowflakecomputing.com, user: diyarkudrat, role: ACCOUNTADMIN, database: SNOWFLAKE_LEARNING_DB, schema: DIYARKUDRAT_LOAD_DATA_FROM_AMAZON_AWS, warehouse: SNOWFLAKE_LEARNING_WH, proxy was not configured, password is provided, region: undefined, authenticator: SNOWFLAKE, ocsp mode: FAIL_OPEN, os: darwin, os version: 24.4.0"}
{"level":"INFO","message":"[12:15:59.141 AM]: Connection[id: 6f5aabd6-cdba-486a-b279-adf9b6b02439] additional details: passcode in password is provided, passcode is not provided, private key is not provided, application: undefined, client name: snowflake-sdk, client version: 2.3.1, retry timeout: 300, private key path: undefined, private key pass is not provided, client store temporary credential: false, browser response timeout: 120000"}
{"level":"INFO","message":"[12:15:59.142 AM]: Connection[id: 6f5aabd6-cdba-486a-b279-adf9b6b02439] - connection object created successfully."}
{"level":"INFO","message":"[12:15:59.142 AM]: Connection[id: 6f5aabd6-cdba-486a-b279-adf9b6b02439] - connecting. Associated Snowflake domain: GLOBAL"}
{"level":"INFO","message":"[12:15:59.143 AM]: Connection[id: 6f5aabd6-cdba-486a-b279-adf9b6b02439] - authentication successful using: SNOWFLAKE"}
{"level":"INFO","message":"[12:15:59.143 AM]: Trying to initialize Easy Logging"}
{"level":"INFO","message":"[12:15:59.157 AM]: No client config detected."}
{"level":"INFO","message":"[12:15:59.157 AM]: No config file path found. Client config will not be used."}
{"level":"INFO","message":"[12:15:59.157 AM]: Easy Logging is disabled as no config has been found"}
{"level":"INFO","message":"[12:15:59.166 AM]: Connection[id: 6f5aabd6-cdba-486a-b279-adf9b6b02439] - connected successfully after 23.18 milliseconds"}
{"level":"INFO","message":"[12:16:00.389 AM]: Creating new connection object"}
{"level":"INFO","message":"[12:16:00.390 AM]: Creating Connection[id: 68b2a294-c0e8-49f4-b73d-d93f470695d2] with host: BBVEWTS-HV75717.snowflakecomputing.com, account: BBVEWTS-HV75717, accessUrl: https://BBVEWTS-HV75717.snowflakecomputing.com, user: diyarkudrat, role: ACCOUNTADMIN, database: SNOWFLAKE_LEARNING_DB, schema: DIYARKUDRAT_LOAD_DATA_FROM_AMAZON_AWS, warehouse: SNOWFLAKE_LEARNING_WH, proxy was not configured, password is provided, region: undefined, authenticator: SNOWFLAKE, ocsp mode: FAIL_OPEN, os: darwin, os version: 24.4.0"}
{"level":"INFO","message":"[12:16:00.390 AM]: Connection[id: 68b2a294-c0e8-49f4-b73d-d93f470695d2] additional details: passcode in password is provided, passcode is not provided, private key is not provided, application: undefined, client name: snowflake-sdk, client version: 2.3.1, retry timeout: 300, private key path: undefined, private key pass is not provided, client store temporary credential: false, browser response timeout: 120000"}
{"level":"INFO","message":"[12:16:00.390 AM]: Connection[id: 68b2a294-c0e8-49f4-b73d-d93f470695d2] - connection object created successfully."}
{"level":"INFO","message":"[12:16:00.391 AM]: Connection[id: 68b2a294-c0e8-49f4-b73d-d93f470695d2] - connecting. Associated Snowflake domain: GLOBAL"}
{"level":"INFO","message":"[12:16:00.391 AM]: Connection[id: 68b2a294-c0e8-49f4-b73d-d93f470695d2] - authentication successful using: SNOWFLAKE"}
{"level":"INFO","message":"[12:16:00.391 AM]: Connection[id: 68b2a294-c0e8-49f4-b73d-d93f470695d2] - connected successfully after 0.89 milliseconds"}
{"level":"INFO","message":"[12:16:01.322 AM]: Creating new connection object"}
{"level":"INFO","message":"[12:16:01.323 AM]: Creating Connection[id: 3bf8fa74-4a03-49de-9057-ebb93048d170] with host: BBVEWTS-HV75717.snowflakecomputing.com, account: BBVEWTS-HV75717, accessUrl: https://BBVEWTS-HV75717.snowflakecomputing.com, user: diyarkudrat, role: ACCOUNTADMIN, database: SNOWFLAKE_LEARNING_DB, schema: DIYARKUDRAT_LOAD_DATA_FROM_AMAZON_AWS, warehouse: SNOWFLAKE_LEARNING_WH, proxy was not configured, password is provided, region: undefined, authenticator: SNOWFLAKE, ocsp mode: FAIL_OPEN, os: darwin, os version: 24.4.0"}
{"level":"INFO","message":"[12:16:01.324 AM]: Connection[id: 3bf8fa74-4a03-49de-9057-ebb93048d170] additional details: passcode in password is provided, passcode is not provided, private key is not provided, application: undefined, client name: snowflake-sdk, client version: 2.3.1, retry timeout: 300, private key path: undefined, private key pass is not provided, client store temporary credential: false, browser response timeout: 120000"}
{"level":"INFO","message":"[12:16:01.324 AM]: Connection[id: 3bf8fa74-4a03-49de-9057-ebb93048d170] - connection object created successfully."}
{"level":"INFO","message":"[12:16:01.324 AM]: Connection[id: 3bf8fa74-4a03-49de-9057-ebb93048d170] - connecting. Associated Snowflake domain: GLOBAL"}
{"level":"INFO","message":"[12:16:01.324 AM]: Connection[id: 3bf8fa74-4a03-49de-9057-ebb93048d170] - authentication successful using: SNOWFLAKE"}
{"level":"INFO","message":"[12:16:01.325 AM]: Connection[id: 3bf8fa74-4a03-49de-9057-ebb93048d170] - connected successfully after 1.18 milliseconds"}
{"level":"INFO","message":"[12:21:14.623 AM]: Creating new connection object"}
{"level":"INFO","message":"[12:21:14.651 AM]: Creating Connection[id: 164da3da-e036-43e6-a3cb-ed6f2f2333c4] with host: BBVEWTS-HV75717.snowflakecomputing.com, account: BBVEWTS-HV75717, accessUrl: https://BBVEWTS-HV75717.snowflakecomputing.com, user: diyarkudrat, role: ACCOUNTADMIN, database: SNOWFLAKE_LEARNING_DB, schema: DIYARKUDRAT_LOAD_DATA_FROM_AMAZON_AWS, warehouse: SNOWFLAKE_LEARNING_WH, proxy was not configured, password is provided, region: undefined, authenticator: SNOWFLAKE, ocsp mode: FAIL_OPEN, os: darwin, os version: 24.4.0"}
{"level":"INFO","message":"[12:21:14.651 AM]: Connection[id: 164da3da-e036-43e6-a3cb-ed6f2f2333c4] additional details: passcode in password is provided, passcode is not provided, private key is not provided, application: undefined, client name: snowflake-sdk, client version: 2.3.1, retry timeout: 300, private key path: undefined, private key pass is not provided, client store temporary credential: false, browser response timeout: 120000"}
{"level":"INFO","message":"[12:21:14.652 AM]: Connection[id: 164da3da-e036-43e6-a3cb-ed6f2f2333c4] - connection object created successfully."}
{"level":"INFO","message":"[12:21:14.653 AM]: Connection[id: 164da3da-e036-43e6-a3cb-ed6f2f2333c4] - connecting. Associated Snowflake domain: GLOBAL"}
{"level":"INFO","message":"[12:21:14.654 AM]: Connection[id: 164da3da-e036-43e6-a3cb-ed6f2f2333c4] - authentication successful using: SNOWFLAKE"}
{"level":"INFO","message":"[12:21:14.654 AM]: Trying to initialize Easy Logging"}
{"level":"INFO","message":"[12:21:14.657 AM]: No client config detected."}
{"level":"INFO","message":"[12:21:14.658 AM]: No config file path found. Client config will not be used."}
{"level":"INFO","message":"[12:21:14.658 AM]: Easy Logging is disabled as no config has been found"}
{"level":"INFO","message":"[12:21:14.662 AM]: Connection[id: 164da3da-e036-43e6-a3cb-ed6f2f2333c4] - connected successfully after 9.07 milliseconds"}
{"level":"INFO","message":"[12:21:15.819 AM]: Creating new connection object"}
{"level":"INFO","message":"[12:21:15.820 AM]: Creating Connection[id: c7b22230-c38d-4ec5-bd30-b940e2494536] with host: BBVEWTS-HV75717.snowflakecomputing.com, account: BBVEWTS-HV75717, accessUrl: https://BBVEWTS-HV75717.snowflakecomputing.com, user: diyarkudrat, role: ACCOUNTADMIN, database: SNOWFLAKE_LEARNING_DB, schema: DIYARKUDRAT_LOAD_DATA_FROM_AMAZON_AWS, warehouse: SNOWFLAKE_LEARNING_WH, proxy was not configured, password is provided, region: undefined, authenticator: SNOWFLAKE, ocsp mode: FAIL_OPEN, os: darwin, os version: 24.4.0"}
{"level":"INFO","message":"[12:21:15.820 AM]: Connection[id: c7b22230-c38d-4ec5-bd30-b940e2494536] additional details: passcode in password is provided, passcode is not provided, private key is not provided, application: undefined, client name: snowflake-sdk, client version: 2.3.1, retry timeout: 300, private key path: undefined, private key pass is not provided, client store temporary credential: false, browser response timeout: 120000"}
{"level":"INFO","message":"[12:21:15.820 AM]: Connection[id: c7b22230-c38d-4ec5-bd30-b940e2494536] - connection object created successfully."}
{"level":"INFO","message":"[12:21:15.821 AM]: Connection[id: c7b22230-c38d-4ec5-bd30-b940e2494536] - connecting. Associated Snowflake domain: GLOBAL"}
{"level":"INFO","message":"[12:21:15.821 AM]: Connection[id: c7b22230-c38d-4ec5-bd30-b940e2494536] - authentication successful using: SNOWFLAKE"}
{"level":"INFO","message":"[12:21:15.821 AM]: Connection[id: c7b22230-c38d-4ec5-bd30-b940e2494536] - connected successfully after 0.92 milliseconds"}
{"level":"INFO","message":"[12:21:16.665 AM]: Creating new connection object"}
{"level":"INFO","message":"[12:21:16.666 AM]: Creating Connection[id: 94e121dd-8fc6-42b2-8928-701a2016d148] with host: BBVEWTS-HV75717.snowflakecomputing.com, account: BBVEWTS-HV75717, accessUrl: https://BBVEWTS-HV75717.snowflakecomputing.com, user: diyarkudrat, role: ACCOUNTADMIN, database: SNOWFLAKE_LEARNING_DB, schema: DIYARKUDRAT_LOAD_DATA_FROM_AMAZON_AWS, warehouse: SNOWFLAKE_LEARNING_WH, proxy was not configured, password is provided, region: undefined, authenticator: SNOWFLAKE, ocsp mode: FAIL_OPEN, os: darwin, os version: 24.4.0"}
{"level":"INFO","message":"[12:21:16.667 AM]: Connection[id: 94e121dd-8fc6-42b2-8928-701a2016d148] additional details: passcode in password is provided, passcode is not provided, private key is not provided, application: undefined, client name: snowflake-sdk, client version: 2.3.1, retry timeout: 300, private key path: undefined, private key pass is not provided, client store temporary credential: false, browser response timeout: 120000"}
{"level":"INFO","message":"[12:21:16.667 AM]: Connection[id: 94e121dd-8fc6-42b2-8928-701a2016d148] - connection object created successfully."}
{"level":"INFO","message":"[12:21:16.667 AM]: Connection[id: 94e121dd-8fc6-42b2-8928-701a2016d148] - connecting. Associated Snowflake domain: GLOBAL"}
{"level":"INFO","message":"[12:21:16.667 AM]: Connection[id: 94e121dd-8fc6-42b2-8928-701a2016d148] - authentication successful using: SNOWFLAKE"}
{"level":"INFO","message":"[12:21:16.668 AM]: Connection[id: 94e121dd-8fc6-42b2-8928-701a2016d148] - connected successfully after 0.9 milliseconds"}
{"level":"INFO","message":"[12:21:17.470 AM]: Creating new connection object"}
{"level":"INFO","message":"[12:21:17.471 AM]: Creating Connection[id: 8918eacf-4c53-4896-a65a-58dd237352db] with host: BBVEWTS-HV75717.snowflakecomputing.com, account: BBVEWTS-HV75717, accessUrl: https://BBVEWTS-HV75717.snowflakecomputing.com, user: diyarkudrat, role: ACCOUNTADMIN, database: SNOWFLAKE_LEARNING_DB, schema: DIYARKUDRAT_LOAD_DATA_FROM_AMAZON_AWS, warehouse: SNOWFLAKE_LEARNING_WH, proxy was not configured, password is provided, region: undefined, authenticator: SNOWFLAKE, ocsp mode: FAIL_OPEN, os: darwin, os version: 24.4.0"}
{"level":"INFO","message":"[12:21:17.471 AM]: Connection[id: 8918eacf-4c53-4896-a65a-58dd237352db] additional details: passcode in password is provided, passcode is not provided, private key is not provided, application: undefined, client name: snowflake-sdk, client version: 2.3.1, retry timeout: 300, private key path: undefined, private key pass is not provided, client store temporary credential: false, browser response timeout: 120000"}
{"level":"INFO","message":"[12:21:17.471 AM]: Connection[id: 8918eacf-4c53-4896-a65a-58dd237352db] - connection object created successfully."}
{"level":"INFO","message":"[12:21:17.472 AM]: Connection[id: 8918eacf-4c53-4896-a65a-58dd237352db] - connecting. Associated Snowflake domain: GLOBAL"}
{"level":"INFO","message":"[12:21:17.472 AM]: Connection[id: 8918eacf-4c53-4896-a65a-58dd237352db] - authentication successful using: SNOWFLAKE"}
{"level":"INFO","message":"[12:21:17.473 AM]: Connection[id: 8918eacf-4c53-4896-a65a-58dd237352db] - connected successfully after 1.25 milliseconds"}
{"level":"INFO","message":"[12:48:44.920 AM]: Creating new connection object"}
{"level":"INFO","message":"[12:48:44.947 AM]: Creating Connection[id: f3b79fb0-3e86-4da8-b6f4-989c8c73622a] with host: BBVEWTS-HV75717.snowflakecomputing.com, account: BBVEWTS-HV75717, accessUrl: https://BBVEWTS-HV75717.snowflakecomputing.com, user: diyarkudrat, role: ACCOUNTADMIN, database: SNOWFLAKE_LEARNING_DB, schema: DIYARKUDRAT_LOAD_DATA_FROM_AMAZON_AWS, warehouse: SNOWFLAKE_LEARNING_WH, proxy was not configured, password is provided, region: undefined, authenticator: SNOWFLAKE, ocsp mode: FAIL_OPEN, os: darwin, os version: 24.4.0"}
{"level":"INFO","message":"[12:48:44.948 AM]: Connection[id: f3b79fb0-3e86-4da8-b6f4-989c8c73622a] additional details: passcode in password is provided, passcode is not provided, private key is not provided, application: undefined, client name: snowflake-sdk, client version: 2.3.1, retry timeout: 300, private key path: undefined, private key pass is not provided, client store temporary credential: false, browser response timeout: 120000"}
{"level":"INFO","message":"[12:48:44.948 AM]: Connection[id: f3b79fb0-3e86-4da8-b6f4-989c8c73622a] - connection object created successfully."}
{"level":"INFO","message":"[12:48:44.949 AM]: Connection[id: f3b79fb0-3e86-4da8-b6f4-989c8c73622a] - connecting. Associated Snowflake domain: GLOBAL"}
{"level":"INFO","message":"[12:48:44.949 AM]: Connection[id: f3b79fb0-3e86-4da8-b6f4-989c8c73622a] - authentication successful using: SNOWFLAKE"}
{"level":"INFO","message":"[12:48:44.949 AM]: Trying to initialize Easy Logging"}
{"level":"INFO","message":"[12:48:44.952 AM]: No client config detected."}
{"level":"INFO","message":"[12:48:44.952 AM]: No config file path found. Client config will not be used."}
{"level":"INFO","message":"[12:48:44.952 AM]: Easy Logging is disabled as no config has been found"}
{"level":"INFO","message":"[12:48:44.957 AM]: Connection[id: f3b79fb0-3e86-4da8-b6f4-989c8c73622a] - connected successfully after 8.06 milliseconds"}
{"level":"INFO","message":"[12:48:45.830 AM]: Creating new connection object"}
{"level":"INFO","message":"[12:48:45.831 AM]: Creating Connection[id: f24045cd-f644-4a08-8f5d-b8570f07bffb] with host: BBVEWTS-HV75717.snowflakecomputing.com, account: BBVEWTS-HV75717, accessUrl: https://BBVEWTS-HV75717.snowflakecomputing.com, user: diyarkudrat, role: ACCOUNTADMIN, database: SNOWFLAKE_LEARNING_DB, schema: DIYARKUDRAT_LOAD_DATA_FROM_AMAZON_AWS, warehouse: SNOWFLAKE_LEARNING_WH, proxy was not configured, password is provided, region: undefined, authenticator: SNOWFLAKE, ocsp mode: FAIL_OPEN, os: darwin, os version: 24.4.0"}
{"level":"INFO","message":"[12:48:45.831 AM]: Connection[id: f24045cd-f644-4a08-8f5d-b8570f07bffb] additional details: passcode in password is provided, passcode is not provided, private key is not provided, application: undefined, client name: snowflake-sdk, client version: 2.3.1, retry timeout: 300, private key path: undefined, private key pass is not provided, client store temporary credential: false, browser response timeout: 120000"}
{"level":"INFO","message":"[12:48:45.832 AM]: Connection[id: f24045cd-f644-4a08-8f5d-b8570f07bffb] - connection object created successfully."}
{"level":"INFO","message":"[12:48:45.832 AM]: Connection[id: f24045cd-f644-4a08-8f5d-b8570f07bffb] - connecting. Associated Snowflake domain: GLOBAL"}
{"level":"INFO","message":"[12:48:45.832 AM]: Connection[id: f24045cd-f644-4a08-8f5d-b8570f07bffb] - authentication successful using: SNOWFLAKE"}
{"level":"INFO","message":"[12:48:45.833 AM]: Connection[id: f24045cd-f644-4a08-8f5d-b8570f07bffb] - connected successfully after 0.84 milliseconds"}
{"level":"INFO","message":"[12:48:46.428 AM]: Creating new connection object"}
{"level":"INFO","message":"[12:48:46.429 AM]: Creating Connection[id: 3b8a680e-7cbe-474c-a6a7-818d3e940e39] with host: BBVEWTS-HV75717.snowflakecomputing.com, account: BBVEWTS-HV75717, accessUrl: https://BBVEWTS-HV75717.snowflakecomputing.com, user: diyarkudrat, role: ACCOUNTADMIN, database: SNOWFLAKE_LEARNING_DB, schema: DIYARKUDRAT_LOAD_DATA_FROM_AMAZON_AWS, warehouse: SNOWFLAKE_LEARNING_WH, proxy was not configured, password is provided, region: undefined, authenticator: SNOWFLAKE, ocsp mode: FAIL_OPEN, os: darwin, os version: 24.4.0"}
{"level":"INFO","message":"[12:48:46.429 AM]: Connection[id: 3b8a680e-7cbe-474c-a6a7-818d3e940e39] additional details: passcode in password is provided, passcode is not provided, private key is not provided, application: undefined, client name: snowflake-sdk, client version: 2.3.1, retry timeout: 300, private key path: undefined, private key pass is not provided, client store temporary credential: false, browser response timeout: 120000"}
{"level":"INFO","message":"[12:48:46.429 AM]: Connection[id: 3b8a680e-7cbe-474c-a6a7-818d3e940e39] - connection object created successfully."}
{"level":"INFO","message":"[12:48:46.429 AM]: Connection[id: 3b8a680e-7cbe-474c-a6a7-818d3e940e39] - connecting. Associated Snowflake domain: GLOBAL"}
{"level":"INFO","message":"[12:48:46.429 AM]: Connection[id: 3b8a680e-7cbe-474c-a6a7-818d3e940e39] - authentication successful using: SNOWFLAKE"}
{"level":"INFO","message":"[12:48:46.430 AM]: Connection[id: 3b8a680e-7cbe-474c-a6a7-818d3e940e39] - connected successfully after 0.62 milliseconds"}
{"level":"INFO","message":"[12:48:47.550 AM]: Creating new connection object"}
{"level":"INFO","message":"[12:48:47.551 AM]: Creating Connection[id: f4e76e33-a383-492e-be16-eda4f9c70fac] with host: BBVEWTS-HV75717.snowflakecomputing.com, account: BBVEWTS-HV75717, accessUrl: https://BBVEWTS-HV75717.snowflakecomputing.com, user: diyarkudrat, role: ACCOUNTADMIN, database: SNOWFLAKE_LEARNING_DB, schema: DIYARKUDRAT_LOAD_DATA_FROM_AMAZON_AWS, warehouse: SNOWFLAKE_LEARNING_WH, proxy was not configured, password is provided, region: undefined, authenticator: SNOWFLAKE, ocsp mode: FAIL_OPEN, os: darwin, os version: 24.4.0"}
{"level":"INFO","message":"[12:48:47.551 AM]: Connection[id: f4e76e33-a383-492e-be16-eda4f9c70fac] additional details: passcode in password is provided, passcode is not provided, private key is not provided, application: undefined, client name: snowflake-sdk, client version: 2.3.1, retry timeout: 300, private key path: undefined, private key pass is not provided, client store temporary credential: false, browser response timeout: 120000"}
{"level":"INFO","message":"[12:48:47.551 AM]: Connection[id: f4e76e33-a383-492e-be16-eda4f9c70fac] - connection object created successfully."}
{"level":"INFO","message":"[12:48:47.551 AM]: Connection[id: f4e76e33-a383-492e-be16-eda4f9c70fac] - connecting. Associated Snowflake domain: GLOBAL"}
{"level":"INFO","message":"[12:48:47.551 AM]: Connection[id: f4e76e33-a383-492e-be16-eda4f9c70fac] - authentication successful using: SNOWFLAKE"}
{"level":"INFO","message":"[12:48:47.553 AM]: Connection[id: f4e76e33-a383-492e-be16-eda4f9c70fac] - connected successfully after 1.13 milliseconds"}
{"level":"INFO","message":"[12:51:26.453 AM]: Creating new connection object"}
{"level":"INFO","message":"[12:51:26.473 AM]: Creating Connection[id: a1c05fab-3938-42fb-bd93-540737eeb572] with host: BBVEWTS-HV75717.snowflakecomputing.com, account: BBVEWTS-HV75717, accessUrl: https://BBVEWTS-HV75717.snowflakecomputing.com, user: diyarkudrat, role: ACCOUNTADMIN, database: SNOWFLAKE_LEARNING_DB, schema: DIYARKUDRAT_LOAD_DATA_FROM_AMAZON_AWS, warehouse: SNOWFLAKE_LEARNING_WH, proxy was not configured, password is provided, region: undefined, authenticator: SNOWFLAKE, ocsp mode: FAIL_OPEN, os: darwin, os version: 24.4.0"}
{"level":"INFO","message":"[12:51:26.473 AM]: Connection[id: a1c05fab-3938-42fb-bd93-540737eeb572] additional details: passcode in password is provided, passcode is not provided, private key is not provided, application: undefined, client name: snowflake-sdk, client version: 2.3.1, retry timeout: 300, private key path: undefined, private key pass is not provided, client store temporary credential: false, browser response timeout: 120000"}
{"level":"INFO","message":"[12:51:26.474 AM]: Connection[id: a1c05fab-3938-42fb-bd93-540737eeb572] - connection object created successfully."}
{"level":"INFO","message":"[12:51:26.474 AM]: Connection[id: a1c05fab-3938-42fb-bd93-540737eeb572] - connecting. Associated Snowflake domain: GLOBAL"}
{"level":"INFO","message":"[12:51:26.475 AM]: Connection[id: a1c05fab-3938-42fb-bd93-540737eeb572] - authentication successful using: SNOWFLAKE"}
{"level":"INFO","message":"[12:51:26.475 AM]: Trying to initialize Easy Logging"}
{"level":"INFO","message":"[12:51:26.479 AM]: No client config detected."}
{"level":"INFO","message":"[12:51:26.479 AM]: No config file path found. Client config will not be used."}
{"level":"INFO","message":"[12:51:26.480 AM]: Easy Logging is disabled as no config has been found"}
{"level":"INFO","message":"[12:51:26.484 AM]: Connection[id: a1c05fab-3938-42fb-bd93-540737eeb572] - connected successfully after 9.31 milliseconds"}
{"level":"INFO","message":"[12:51:27.331 AM]: Creating new connection object"}
{"level":"INFO","message":"[12:51:27.332 AM]: Creating Connection[id: f3b8f8e9-86e2-4165-bbc7-63e60d351f56] with host: BBVEWTS-HV75717.snowflakecomputing.com, account: BBVEWTS-HV75717, accessUrl: https://BBVEWTS-HV75717.snowflakecomputing.com, user: diyarkudrat, role: ACCOUNTADMIN, database: SNOWFLAKE_LEARNING_DB, schema: DIYARKUDRAT_LOAD_DATA_FROM_AMAZON_AWS, warehouse: SNOWFLAKE_LEARNING_WH, proxy was not configured, password is provided, region: undefined, authenticator: SNOWFLAKE, ocsp mode: FAIL_OPEN, os: darwin, os version: 24.4.0"}
{"level":"INFO","message":"[12:51:27.333 AM]: Connection[id: f3b8f8e9-86e2-4165-bbc7-63e60d351f56] additional details: passcode in password is provided, passcode is not provided, private key is not provided, application: undefined, client name: snowflake-sdk, client version: 2.3.1, retry timeout: 300, private key path: undefined, private key pass is not provided, client store temporary credential: false, browser response timeout: 120000"}
{"level":"INFO","message":"[12:51:27.333 AM]: Connection[id: f3b8f8e9-86e2-4165-bbc7-63e60d351f56] - connection object created successfully."}
{"level":"INFO","message":"[12:51:27.333 AM]: Connection[id: f3b8f8e9-86e2-4165-bbc7-63e60d351f56] - connecting. Associated Snowflake domain: GLOBAL"}
{"level":"INFO","message":"[12:51:27.333 AM]: Connection[id: f3b8f8e9-86e2-4165-bbc7-63e60d351f56] - authentication successful using: SNOWFLAKE"}
{"level":"INFO","message":"[12:51:27.334 AM]: Connection[id: f3b8f8e9-86e2-4165-bbc7-63e60d351f56] - connected successfully after 0.84 milliseconds"}
{"level":"INFO","message":"[12:51:28.022 AM]: Creating new connection object"}
{"level":"INFO","message":"[12:51:28.024 AM]: Creating Connection[id: 17f7e9d4-7d38-47cd-91be-fab47728a212] with host: BBVEWTS-HV75717.snowflakecomputing.com, account: BBVEWTS-HV75717, accessUrl: https://BBVEWTS-HV75717.snowflakecomputing.com, user: diyarkudrat, role: ACCOUNTADMIN, database: SNOWFLAKE_LEARNING_DB, schema: DIYARKUDRAT_LOAD_DATA_FROM_AMAZON_AWS, warehouse: SNOWFLAKE_LEARNING_WH, proxy was not configured, password is provided, region: undefined, authenticator: SNOWFLAKE, ocsp mode: FAIL_OPEN, os: darwin, os version: 24.4.0"}
{"level":"INFO","message":"[12:51:28.024 AM]: Connection[id: 17f7e9d4-7d38-47cd-91be-fab47728a212] additional details: passcode in password is provided, passcode is not provided, private key is not provided, application: undefined, client name: snowflake-sdk, client version: 2.3.1, retry timeout: 300, private key path: undefined, private key pass is not provided, client store temporary credential: false, browser response timeout: 120000"}
{"level":"INFO","message":"[12:51:28.024 AM]: Connection[id: 17f7e9d4-7d38-47cd-91be-fab47728a212] - connection object created successfully."}
{"level":"INFO","message":"[12:51:28.024 AM]: Connection[id: 17f7e9d4-7d38-47cd-91be-fab47728a212] - connecting. Associated Snowflake domain: GLOBAL"}
{"level":"INFO","message":"[12:51:28.024 AM]: Connection[id: 17f7e9d4-7d38-47cd-91be-fab47728a212] - authentication successful using: SNOWFLAKE"}
{"level":"INFO","message":"[12:51:28.025 AM]: Connection[id: 17f7e9d4-7d38-47cd-91be-fab47728a212] - connected successfully after 0.98 milliseconds"}
{"level":"INFO","message":"[12:51:28.720 AM]: Creating new connection object"}
{"level":"INFO","message":"[12:51:28.721 AM]: Creating Connection[id: e85d6349-52c6-432a-be4b-9d4ee8dbf2e8] with host: BBVEWTS-HV75717.snowflakecomputing.com, account: BBVEWTS-HV75717, accessUrl: https://BBVEWTS-HV75717.snowflakecomputing.com, user: diyarkudrat, role: ACCOUNTADMIN, database: SNOWFLAKE_LEARNING_DB, schema: DIYARKUDRAT_LOAD_DATA_FROM_AMAZON_AWS, warehouse: SNOWFLAKE_LEARNING_WH, proxy was not configured, password is provided, region: undefined, authenticator: SNOWFLAKE, ocsp mode: FAIL_OPEN, os: darwin, os version: 24.4.0"}
{"level":"INFO","message":"[12:51:28.721 AM]: Connection[id: e85d6349-52c6-432a-be4b-9d4ee8dbf2e8] additional details: passcode in password is provided, passcode is not provided, private key is not provided, application: undefined, client name: snowflake-sdk, client version: 2.3.1, retry timeout: 300, private key path: undefined, private key pass is not provided, client store temporary credential: false, browser response timeout: 120000"}
{"level":"INFO","message":"[12:51:28.721 AM]: Connection[id: e85d6349-52c6-432a-be4b-9d4ee8dbf2e8] - connection object created successfully."}
{"level":"INFO","message":"[12:51:28.721 AM]: Connection[id: e85d6349-52c6-432a-be4b-9d4ee8dbf2e8] - connecting. Associated Snowflake domain: GLOBAL"}
{"level":"INFO","message":"[12:51:28.722 AM]: Connection[id: e85d6349-52c6-432a-be4b-9d4ee8dbf2e8] - authentication successful using: SNOWFLAKE"}
{"level":"INFO","message":"[12:51:28.722 AM]: Connection[id: e85d6349-52c6-432a-be4b-9d4ee8dbf2e8] - connected successfully after 0.92 milliseconds"}
{"level":"INFO","message":"[12:53:11.616 AM]: Creating new connection object"}
{"level":"INFO","message":"[12:53:11.619 AM]: Creating Connection[id: de3e8445-f702-4c9d-8c1e-0df690bc1290] with host: BBVEWTS-HV75717.snowflakecomputing.com, account: BBVEWTS-HV75717, accessUrl: https://BBVEWTS-HV75717.snowflakecomputing.com, user: diyarkudrat, role: ACCOUNTADMIN, database: SNOWFLAKE_LEARNING_DB, schema: DIYARKUDRAT_LOAD_DATA_FROM_AMAZON_AWS, warehouse: SNOWFLAKE_LEARNING_WH, proxy was not configured, password is provided, region: undefined, authenticator: SNOWFLAKE, ocsp mode: FAIL_OPEN, os: darwin, os version: 24.4.0"}
{"level":"INFO","message":"[12:53:11.619 AM]: Connection[id: de3e8445-f702-4c9d-8c1e-0df690bc1290] additional details: passcode in password is provided, passcode is not provided, private key is not provided, application: undefined, client name: snowflake-sdk, client version: 2.3.1, retry timeout: 300, private key path: undefined, private key pass is not provided, client store temporary credential: false, browser response timeout: 120000"}
{"level":"INFO","message":"[12:53:11.620 AM]: Connection[id: de3e8445-f702-4c9d-8c1e-0df690bc1290] - connection object created successfully."}
{"level":"INFO","message":"[12:53:11.620 AM]: Connection[id: de3e8445-f702-4c9d-8c1e-0df690bc1290] - connecting. Associated Snowflake domain: GLOBAL"}
{"level":"INFO","message":"[12:53:11.620 AM]: Connection[id: de3e8445-f702-4c9d-8c1e-0df690bc1290] - authentication successful using: SNOWFLAKE"}
{"level":"INFO","message":"[12:53:11.621 AM]: Connection[id: de3e8445-f702-4c9d-8c1e-0df690bc1290] - connected successfully after 1.53 milliseconds"}
{"level":"INFO","message":"[12:53:12.036 AM]: Creating new connection object"}
{"level":"INFO","message":"[12:53:12.037 AM]: Creating Connection[id: 9456f478-e161-4c9b-bce7-a45178894f10] with host: BBVEWTS-HV75717.snowflakecomputing.com, account: BBVEWTS-HV75717, accessUrl: https://BBVEWTS-HV75717.snowflakecomputing.com, user: diyarkudrat, role: ACCOUNTADMIN, database: SNOWFLAKE_LEARNING_DB, schema: DIYARKUDRAT_LOAD_DATA_FROM_AMAZON_AWS, warehouse: SNOWFLAKE_LEARNING_WH, proxy was not configured, password is provided, region: undefined, authenticator: SNOWFLAKE, ocsp mode: FAIL_OPEN, os: darwin, os version: 24.4.0"}
{"level":"INFO","message":"[12:53:12.037 AM]: Connection[id: 9456f478-e161-4c9b-bce7-a45178894f10] additional details: passcode in password is provided, passcode is not provided, private key is not provided, application: undefined, client name: snowflake-sdk, client version: 2.3.1, retry timeout: 300, private key path: undefined, private key pass is not provided, client store temporary credential: false, browser response timeout: 120000"}
{"level":"INFO","message":"[12:53:12.037 AM]: Connection[id: 9456f478-e161-4c9b-bce7-a45178894f10] - connection object created successfully."}
{"level":"INFO","message":"[12:53:12.037 AM]: Connection[id: 9456f478-e161-4c9b-bce7-a45178894f10] - connecting. Associated Snowflake domain: GLOBAL"}
{"level":"INFO","message":"[12:53:12.038 AM]: Connection[id: 9456f478-e161-4c9b-bce7-a45178894f10] - authentication successful using: SNOWFLAKE"}
{"level":"INFO","message":"[12:53:12.039 AM]: Connection[id: 9456f478-e161-4c9b-bce7-a45178894f10] - connected successfully after 1.11 milliseconds"}
{"level":"INFO","message":"[12:53:12.481 AM]: Creating new connection object"}
{"level":"INFO","message":"[12:53:12.482 AM]: Creating Connection[id: 99d60021-2bda-40be-8ac4-71f9c57b67cf] with host: BBVEWTS-HV75717.snowflakecomputing.com, account: BBVEWTS-HV75717, accessUrl: https://BBVEWTS-HV75717.snowflakecomputing.com, user: diyarkudrat, role: ACCOUNTADMIN, database: SNOWFLAKE_LEARNING_DB, schema: DIYARKUDRAT_LOAD_DATA_FROM_AMAZON_AWS, warehouse: SNOWFLAKE_LEARNING_WH, proxy was not configured, password is provided, region: undefined, authenticator: SNOWFLAKE, ocsp mode: FAIL_OPEN, os: darwin, os version: 24.4.0"}
{"level":"INFO","message":"[12:53:12.482 AM]: Connection[id: 99d60021-2bda-40be-8ac4-71f9c57b67cf] additional details: passcode in password is provided, passcode is not provided, private key is not provided, application: undefined, client name: snowflake-sdk, client version: 2.3.1, retry timeout: 300, private key path: undefined, private key pass is not provided, client store temporary credential: false, browser response timeout: 120000"}
{"level":"INFO","message":"[12:53:12.483 AM]: Connection[id: 99d60021-2bda-40be-8ac4-71f9c57b67cf] - connection object created successfully."}
{"level":"INFO","message":"[12:53:12.483 AM]: Connection[id: 99d60021-2bda-40be-8ac4-71f9c57b67cf] - connecting. Associated Snowflake domain: GLOBAL"}
{"level":"INFO","message":"[12:53:12.483 AM]: Connection[id: 99d60021-2bda-40be-8ac4-71f9c57b67cf] - authentication successful using: SNOWFLAKE"}
{"level":"INFO","message":"[12:53:12.483 AM]: Connection[id: 99d60021-2bda-40be-8ac4-71f9c57b67cf] - connected successfully after 0.83 milliseconds"}
{"level":"INFO","message":"[12:53:13.059 AM]: Creating new connection object"}
{"level":"INFO","message":"[12:53:13.059 AM]: Creating Connection[id: d6b47658-5ee3-4ddd-aab0-732af0210218] with host: BBVEWTS-HV75717.snowflakecomputing.com, account: BBVEWTS-HV75717, accessUrl: https://BBVEWTS-HV75717.snowflakecomputing.com, user: diyarkudrat, role: ACCOUNTADMIN, database: SNOWFLAKE_LEARNING_DB, schema: DIYARKUDRAT_LOAD_DATA_FROM_AMAZON_AWS, warehouse: SNOWFLAKE_LEARNING_WH, proxy was not configured, password is provided, region: undefined, authenticator: SNOWFLAKE, ocsp mode: FAIL_OPEN, os: darwin, os version: 24.4.0"}
{"level":"INFO","message":"[12:53:13.059 AM]: Connection[id: d6b47658-5ee3-4ddd-aab0-732af0210218] additional details: passcode in password is provided, passcode is not provided, private key is not provided, application: undefined, client name: snowflake-sdk, client version: 2.3.1, retry timeout: 300, private key path: undefined, private key pass is not provided, client store temporary credential: false, browser response timeout: 120000"}
{"level":"INFO","message":"[12:53:13.060 AM]: Connection[id: d6b47658-5ee3-4ddd-aab0-732af0210218] - connection object created successfully."}
{"level":"INFO","message":"[12:53:13.060 AM]: Connection[id: d6b47658-5ee3-4ddd-aab0-732af0210218] - connecting. Associated Snowflake domain: GLOBAL"}
{"level":"INFO","message":"[12:53:13.060 AM]: Connection[id: d6b47658-5ee3-4ddd-aab0-732af0210218] - authentication successful using: SNOWFLAKE"}
{"level":"INFO","message":"[12:53:13.060 AM]: Connection[id: d6b47658-5ee3-4ddd-aab0-732af0210218] - connected successfully after 0.61 milliseconds"}
